TN:
SF:C:\Official\Dev-Center\Projects\LMS\src\server.js
FN:22,(anonymous_0)
FN:35,(anonymous_1)
FN:36,(anonymous_2)
FN:41,(anonymous_3)
FNF:4
FNH:1
FNDA:0,(anonymous_0)
FNDA:1,(anonymous_1)
FNDA:0,(anonymous_2)
FNDA:0,(anonymous_3)
DA:8,1
DA:11,1
DA:15,1
DA:22,1
DA:23,0
DA:27,1
DA:30,1
DA:35,1
DA:36,0
DA:39,1
DA:40,1
DA:41,0
DA:47,1
DA:48,1
LF:14
LH:11
BRDA:27,0,0,1
BRDA:27,0,1,0
BRDA:40,1,0,0
BRDA:40,1,1,1
BRF:4
BRH:2
end_of_record
TN:
SF:C:\Official\Dev-Center\Projects\LMS\src\app\http\controllers\UsersController.js
FN:14,(anonymous_0)
FN:18,(anonymous_1)
FN:52,(anonymous_2)
FN:55,(anonymous_3)
FN:65,(anonymous_4)
FN:71,(anonymous_5)
FNF:6
FNH:3
FNDA:1,(anonymous_0)
FNDA:1,(anonymous_1)
FNDA:1,(anonymous_2)
FNDA:0,(anonymous_3)
FNDA:0,(anonymous_4)
FNDA:0,(anonymous_5)
DA:16,1
DA:20,1
DA:23,0
DA:29,1
DA:36,1
DA:44,1
DA:45,1
DA:47,1
DA:50,1
DA:53,1
DA:55,0
DA:66,0
DA:67,0
DA:69,0
DA:72,0
DA:75,0
DA:79,0
DA:80,0
DA:83,0
DA:88,0
LF:20
LH:9
BRDA:20,0,0,0
BRDA:20,0,1,1
BRDA:72,1,0,0
BRDA:72,1,1,0
BRDA:80,2,0,0
BRDA:80,2,1,0
BRF:6
BRH:1
end_of_record
TN:
SF:C:\Official\Dev-Center\Projects\LMS\src\config\keys.js
FNF:0
FNH:0
DA:1,1
LF:1
LH:1
BRDA:4,0,0,1
BRDA:4,0,1,1
BRF:2
BRH:2
end_of_record
TN:
SF:C:\Official\Dev-Center\Projects\LMS\src\database\models\User.js
FNF:0
FNH:0
DA:5,1
DA:8,1
DA:32,1
LF:3
LH:3
BRF:0
BRH:0
end_of_record
TN:
SF:C:\Official\Dev-Center\Projects\LMS\src\routes\api.js
FNF:0
FNH:0
DA:16,1
DA:19,1
DA:26,1
DA:33,1
LF:4
LH:4
BRF:0
BRH:0
end_of_record
